Using pre-set license
Built from '2022.3/staging' branch; Version is '2022.3.15f1 (b58023a2b463) revision 11894819'; Using compiler version '192829333'; Build Type 'Release'
OS: 'Windows 10  (10.0.19045) 64bit Education' Language: 'ko' Physical Memory: 16294 MB
BatchMode: 1, IsHumanControllingUs: 0, StartBugReporterOnCrash: 0, Is64bit: 1, IsPro: 1

COMMAND LINE ARGUMENTS:
C:\Program Files\Unity\Hub\Editor\2022.3.15f1\Editor\Unity.exe
-adb2
-batchMode
-noUpm
-name
AssetImportWorker3
-projectPath
C:/Users/Administrator/Desktop/Photon-NetWork/Photon Server Game
-logFile
Logs/AssetImportWorker3.log
-srvPort
50447
Successfully changed project path to: C:/Users/Administrator/Desktop/Photon-NetWork/Photon Server Game
C:/Users/Administrator/Desktop/Photon-NetWork/Photon Server Game
[UnityMemory] Configuration Parameters - Can be set up in boot.config
    "memorysetup-bucket-allocator-granularity=16"
    "memorysetup-bucket-allocator-bucket-count=8"
    "memorysetup-bucket-allocator-block-size=33554432"
    "memorysetup-bucket-allocator-block-count=8"
    "memorysetup-main-allocator-block-size=16777216"
    "memorysetup-thread-allocator-block-size=16777216"
    "memorysetup-gfx-main-allocator-block-size=16777216"
    "memorysetup-gfx-thread-allocator-block-size=16777216"
    "memorysetup-cache-allocator-block-size=4194304"
    "memorysetup-typetree-allocator-block-size=2097152"
    "memorysetup-profiler-bucket-allocator-granularity=16"
    "memorysetup-profiler-bucket-allocator-bucket-count=8"
    "memorysetup-profiler-bucket-allocator-block-size=33554432"
    "memorysetup-profiler-bucket-allocator-block-count=8"
    "memorysetup-profiler-allocator-block-size=16777216"
    "memorysetup-profiler-editor-allocator-block-size=1048576"
    "memorysetup-temp-allocator-size-main=16777216"
    "memorysetup-job-temp-allocator-block-size=2097152"
    "memorysetup-job-temp-allocator-block-size-background=1048576"
    "memorysetup-job-temp-allocator-reduction-small-platforms=262144"
    "memorysetup-allocator-temp-initial-block-size-main=262144"
    "memorysetup-allocator-temp-initial-block-size-worker=262144"
    "memorysetup-temp-allocator-size-background-worker=32768"
    "memorysetup-temp-allocator-size-job-worker=262144"
    "memorysetup-temp-allocator-size-preload-manager=33554432"
    "memorysetup-temp-allocator-size-nav-mesh-worker=65536"
    "memorysetup-temp-allocator-size-audio-worker=65536"
    "memorysetup-temp-allocator-size-cloud-worker=32768"
    "memorysetup-temp-allocator-size-gi-baking-worker=262144"
    "memorysetup-temp-allocator-size-gfx=262144"
Player connection [19048] Host "[IP] 192.168.0.82 [Port] 0 [Flags] 2 [Guid] 886035606 [EditorId] 886035606 [Version] 1048832 [Id] WindowsEditor(7,I-12) [Debug] 1 [PackageName] WindowsEditor [ProjectName] Editor" joined multi-casting on [225.0.0.222:54997]...

Player connection [19048] Host "[IP] 192.168.0.82 [Port] 0 [Flags] 2 [Guid] 886035606 [EditorId] 886035606 [Version] 1048832 [Id] WindowsEditor(7,I-12) [Debug] 1 [PackageName] WindowsEditor [ProjectName] Editor" joined alternative multi-casting on [225.0.0.222:34997]...

[Physics::Module] Initialized MultithreadedJobDispatcher with 15 workers.
Refreshing native plugins compatible for Editor in 10.63 ms, found 3 plugins.
Preloading 0 native plugins for Editor in 0.00 ms.
Initialize engine version: 2022.3.15f1 (b58023a2b463)
[Subsystems] Discovering subsystems at path C:/Program Files/Unity/Hub/Editor/2022.3.15f1/Editor/Data/Resources/UnitySubsystems
[Subsystems] Discovering subsystems at path C:/Users/Administrator/Desktop/Photon-NetWork/Photon Server Game/Assets
GfxDevice: creating device client; threaded=0; jobified=0
Direct3D:
    Version:  Direct3D 11.0 [level 11.1]
    Renderer: NVIDIA GeForce GTX 1660 (ID=0x2184)
    Vendor:   NVIDIA
    VRAM:     5980 MB
    Driver:   31.0.15.3623
Initialize mono
Mono path[0] = 'C:/Program Files/Unity/Hub/Editor/2022.3.15f1/Editor/Data/Managed'
Mono path[1] = 'C:/Program Files/Unity/Hub/Editor/2022.3.15f1/Editor/Data/MonoBleedingEdge/lib/mono/unityjit-win32'
Mono config path = 'C:/Program Files/Unity/Hub/Editor/2022.3.15f1/Editor/Data/MonoBleedingEdge/etc'
Using monoOptions --debugger-agent=transport=dt_socket,embedding=1,server=y,suspend=n,address=127.0.0.1:56728
Begin MonoManager ReloadAssembly
Registering precompiled unity dll's ...
Register platform support module: C:/Program Files/Unity/Hub/Editor/2022.3.15f1/Editor/Data/PlaybackEngines/WindowsStandaloneSupport/UnityEditor.WindowsStandalone.Extensions.dll
Registered in 0.100542 seconds.
- Loaded All Assemblies, in  3.025 seconds
Native extension for WindowsStandalone target not found
Mono: successfully reloaded assembly
- Finished resetting the current domain, in  0.268 seconds
Domain Reload Profiling: 3292ms
	BeginReloadAssembly (1586ms)
		ExecutionOrderSort (0ms)
		DisableScriptedObjects (0ms)
		BackupInstance (0ms)
		ReleaseScriptingObjects (0ms)
		CreateAndSetChildDomain (1ms)
	RebuildCommonClasses (358ms)
	RebuildNativeTypeToScriptingClass (10ms)
	initialDomainReloadingComplete (153ms)
	LoadAllAssembliesAndSetupDomain (916ms)
		LoadAssemblies (1585ms)
		RebuildTransferFunctionScriptingTraits (0ms)
		AnalyzeDomain (914ms)
			TypeCache.Refresh (912ms)
				TypeCache.ScanAssembly (694ms)
			ScanForSourceGeneratedMonoScriptInfo (0ms)
			ResolveRequiredComponents (0ms)
	FinalizeReload (268ms)
		ReleaseScriptCaches (0ms)
		RebuildScriptCaches (0ms)
		SetupLoadedEditorAssemblies (210ms)
			LogAssemblyErrors (0ms)
			InitializePlatformSupportModulesInManaged (8ms)
			SetLoadedEditorAssemblies (6ms)
			RefreshPlugins (0ms)
			BeforeProcessingInitializeOnLoad (2ms)
			ProcessInitializeOnLoadAttributes (143ms)
			ProcessInitializeOnLoadMethodAttributes (50ms)
			AfterProcessingInitializeOnLoad (0ms)
			EditorAssembliesLoaded (0ms)
		ExecutionOrderSort2 (0ms)
		AwakeInstancesAfterBackupRestoration (0ms)
========================================================================
Worker process is ready to serve import requests
Begin MonoManager ReloadAssembly
- Loaded All Assemblies, in  6.528 seconds
Refreshing native plugins compatible for Editor in 4.58 ms, found 3 plugins.
Native extension for WindowsStandalone target not found
Package Manager log level set to [2]
[Package Manager] Server::EnsureServerProcessIsRunning -- launch failed, reason: Unity was launched with the -noUpm command-line argument
[Package Manager] UpmClient::Send -- Unable to send message (not connected to UPM process).
[Package Manager] Cannot connect to Unity Package Manager local server
Mono: successfully reloaded assembly
- Finished resetting the current domain, in  1.010 seconds
Domain Reload Profiling: 7534ms
	BeginReloadAssembly (166ms)
		ExecutionOrderSort (0ms)
		DisableScriptedObjects (6ms)
		BackupInstance (0ms)
		ReleaseScriptingObjects (0ms)
		CreateAndSetChildDomain (26ms)
	RebuildCommonClasses (36ms)
	RebuildNativeTypeToScriptingClass (11ms)
	initialDomainReloadingComplete (54ms)
	LoadAllAssembliesAndSetupDomain (6256ms)
		LoadAssemblies (5535ms)
		RebuildTransferFunctionScriptingTraits (0ms)
		AnalyzeDomain (821ms)
			TypeCache.Refresh (792ms)
				TypeCache.ScanAssembly (708ms)
			ScanForSourceGeneratedMonoScriptInfo (19ms)
			ResolveRequiredComponents (8ms)
	FinalizeReload (1010ms)
		ReleaseScriptCaches (0ms)
		RebuildScriptCaches (0ms)
		SetupLoadedEditorAssemblies (824ms)
			LogAssemblyErrors (0ms)
			InitializePlatformSupportModulesInManaged (6ms)
			SetLoadedEditorAssemblies (5ms)
			RefreshPlugins (0ms)
			BeforeProcessingInitializeOnLoad (67ms)
			ProcessInitializeOnLoadAttributes (714ms)
			ProcessInitializeOnLoadMethodAttributes (24ms)
			AfterProcessingInitializeOnLoad (8ms)
			EditorAssembliesLoaded (0ms)
		ExecutionOrderSort2 (0ms)
		AwakeInstancesAfterBackupRestoration (8ms)
Launched and connected shader compiler UnityShaderCompiler.exe after 0.06 seconds
Refreshing native plugins compatible for Editor in 7.53 ms, found 3 plugins.
Preloading 0 native plugins for Editor in 0.00 ms.
Unloading 3473 Unused Serialized files (Serialized files now loaded: 0)
Unloading 49 unused Assets / (63.2 KB). Loaded Objects now: 3926.
Memory consumption went from 140.1 MB to 140.0 MB.
Total: 4.908300 ms (FindLiveObjects: 0.452200 ms CreateObjectMapping: 0.531000 ms MarkObjects: 3.732200 ms  DeleteObjects: 0.191800 ms)

AssetImportParameters requested are different than current active one (requested -> active):
  custom:container-demuxer-ogg: 62fdf1f143b41e24485cea50d1cbac27 -> 
  custom:video-decoder-ogg-theora: a1e56fd34408186e4bbccfd4996cb3dc -> 
  custom:framework-win-MediaFoundation: 216162199b28c13a410421893ffa2e32 -> 
  custom:CustomObjectIndexerAttribute: 43b350a4d6e6d1791af0b5038c4bea17 -> 
  custom:container-demuxer-webm: 4f35f7cbe854078d1ac9338744f61a02 -> 
  custom:container-muxer-webm: aa71ff27fc2769a1b78a27578f13a17b -> 
  custom:video-decoder-webm-vp8: 9c59270c3fd7afecdb556c50c9e8de78 -> 
  custom:SearchIndexIgnoredProperties: e643bd26f0fe6173181afceb89e7c659 -> 
  custom:AudioImporter_EditorPlatform: d09bf68614088b80899f8185d706f6e7 -> 
  custom:video-encoder-webm-vp8: eb34c28f22e8b96e1ab97ce403110664 -> 
  custom:audio-decoder-ogg-vorbis: bf7c407c2cedff20999df2af8eb42d56 -> 
  custom:audio-encoder-webm-vorbis: bf7c407c2cedff20999df2af8eb42d56 -> 
========================================================================
Received Import Request.
  Time since last request: 1194.969649 seconds.
  path: Assets/Images/Crosshairs/Art/Textures/Crosshair_03.png
  artifactKey: Guid(8c89ed5746a4faa48bb97701cc2f2e35) Importer(815301076,1909f56bfc062723c751e8b465ee728b)
Start importing Assets/Images/Crosshairs/Art/Textures/Crosshair_03.png using Guid(8c89ed5746a4faa48bb97701cc2f2e35) Importer(815301076,1909f56bfc062723c751e8b465ee728b)  -> (artifact id: '206e19690a0421b85f0578dbd9d4c741') in 0.062388 seconds
Number of updated asset objects reloaded before import = 0
Number of asset objects unloaded after import = 2
========================================================================
Received Import Request.
  Time since last request: 0.000035 seconds.
  path: Assets/Images/Crosshairs/Art/Textures/Crosshair_04.png
  artifactKey: Guid(b8e78032f8af0954784d1fe9e5a09187) Importer(815301076,1909f56bfc062723c751e8b465ee728b)
Start importing Assets/Images/Crosshairs/Art/Textures/Crosshair_04.png using Guid(b8e78032f8af0954784d1fe9e5a09187) Importer(815301076,1909f56bfc062723c751e8b465ee728b)  -> (artifact id: 'b410f5072ba4ee083b1ccdb39db55f07') in 0.018786 seconds
Number of updated asset objects reloaded before import = 0
Number of asset objects unloaded after import = 2
========================================================================
Received Import Request.
  Time since last request: 0.000017 seconds.
  path: Assets/Images/Crosshairs
  artifactKey: Guid(a7844cea97b29e24883804a46a257f98) Importer(815301076,1909f56bfc062723c751e8b465ee728b)
Start importing Assets/Images/Crosshairs using Guid(a7844cea97b29e24883804a46a257f98) Importer(815301076,1909f56bfc062723c751e8b465ee728b)  -> (artifact id: '91c6473935f9ba1687a50266b43a5830') in 0.000526 seconds
Number of updated asset objects reloaded before import = 0
Number of asset objects unloaded after import = 0
========================================================================
Received Import Request.
  Time since last request: 0.000015 seconds.
  path: Assets/Images/Crosshairs/Art/Textures/Crosshair_08.png
  artifactKey: Guid(6630dbfefd1c68a42971b0d02b77150e) Importer(815301076,1909f56bfc062723c751e8b465ee728b)
Start importing Assets/Images/Crosshairs/Art/Textures/Crosshair_08.png using Guid(6630dbfefd1c68a42971b0d02b77150e) Importer(815301076,1909f56bfc062723c751e8b465ee728b)  -> (artifact id: '2e4a853759d447a2dc0935dd397f5461') in 0.018830 seconds
Number of updated asset objects reloaded before import = 0
Number of asset objects unloaded after import = 2
========================================================================
Received Import Request.
  Time since last request: 2.682909 seconds.
  path: Assets/Images/Crosshairs/Art/Textures/Crosshair_27.png
  artifactKey: Guid(7789b657ea330f94d9b70d6d4a117aed) Importer(815301076,1909f56bfc062723c751e8b465ee728b)
Start importing Assets/Images/Crosshairs/Art/Textures/Crosshair_27.png using Guid(7789b657ea330f94d9b70d6d4a117aed) Importer(815301076,1909f56bfc062723c751e8b465ee728b)  -> (artifact id: '5e3bd5978a84102b7da75765b3c5bb52') in 0.016322 seconds
Number of updated asset objects reloaded before import = 0
Number of asset objects unloaded after import = 2
========================================================================
Received Import Request.
  Time since last request: 106.476531 seconds.
  path: Assets/Images/Crosshairs/Art/Textures/Crosshair_02.png
  artifactKey: Guid(9ee137293631b9e46b1a401b72b130a4) Importer(815301076,1909f56bfc062723c751e8b465ee728b)
Start importing Assets/Images/Crosshairs/Art/Textures/Crosshair_02.png using Guid(9ee137293631b9e46b1a401b72b130a4) Importer(815301076,1909f56bfc062723c751e8b465ee728b)  -> (artifact id: '95f17be86761fabd4271086eb87e0dba') in 0.064538 seconds
Number of updated asset objects reloaded before import = 0
Number of asset objects unloaded after import = 3
========================================================================
Received Import Request.
  Time since last request: 0.000048 seconds.
  path: Assets/Images/Crosshairs/Art/Textures/Crosshair_03.png
  artifactKey: Guid(8c89ed5746a4faa48bb97701cc2f2e35) Importer(815301076,1909f56bfc062723c751e8b465ee728b)
Start importing Assets/Images/Crosshairs/Art/Textures/Crosshair_03.png using Guid(8c89ed5746a4faa48bb97701cc2f2e35) Importer(815301076,1909f56bfc062723c751e8b465ee728b)  -> (artifact id: 'd097a447188aeb861cb08a83fc887e8b') in 0.019584 seconds
Number of updated asset objects reloaded before import = 0
Number of asset objects unloaded after import = 3
========================================================================
Received Import Request.
  Time since last request: 0.000057 seconds.
  path: Assets/Images/Crosshairs/Art/Textures/Crosshair_23.png
  artifactKey: Guid(e7e80d39e3e102147a3be13caa7cd3d7) Importer(815301076,1909f56bfc062723c751e8b465ee728b)
Start importing Assets/Images/Crosshairs/Art/Textures/Crosshair_23.png using Guid(e7e80d39e3e102147a3be13caa7cd3d7) Importer(815301076,1909f56bfc062723c751e8b465ee728b)  -> (artifact id: '1926cf308f6026308951d61bf2343434') in 0.022569 seconds
Number of updated asset objects reloaded before import = 0
Number of asset objects unloaded after import = 3
========================================================================
Received Import Request.
  Time since last request: 0.000022 seconds.
  path: Assets/Images/Crosshairs/Art/Textures/Crosshair_26.png
  artifactKey: Guid(552478a654d2eb8478c30045279d5688) Importer(815301076,1909f56bfc062723c751e8b465ee728b)
Start importing Assets/Images/Crosshairs/Art/Textures/Crosshair_26.png using Guid(552478a654d2eb8478c30045279d5688) Importer(815301076,1909f56bfc062723c751e8b465ee728b)  -> (artifact id: '253a6ae1b21ce2cec762b7f95b9383a1') in 0.018386 seconds
Number of updated asset objects reloaded before import = 0
Number of asset objects unloaded after import = 3
========================================================================
Received Import Request.
  Time since last request: 0.000033 seconds.
  path: Assets/Images/Crosshairs/Art/Textures/Crosshair_25.png
  artifactKey: Guid(dcd5aae0341bd0642858735fe7fdc429) Importer(815301076,1909f56bfc062723c751e8b465ee728b)
Start importing Assets/Images/Crosshairs/Art/Textures/Crosshair_25.png using Guid(dcd5aae0341bd0642858735fe7fdc429) Importer(815301076,1909f56bfc062723c751e8b465ee728b)  -> (artifact id: '09769a585a612a47542905a1207e7b53') in 0.019547 seconds
Number of updated asset objects reloaded before import = 0
Number of asset objects unloaded after import = 3
Editor requested this worker to shutdown with reason: Scaling down because of idle timeout
TcpMessagingSession - receive error: operation aborted. errorcode: 995, details: 스레드 종료 또는 응용 프로그램 요청 때문에 I/O 작업이 취소되었습니다.
AssetImportWorker is now disconnected from the server
Process exiting
Exiting without the bug reporter. Application will terminate with return code 0